<?xml version="1.0" encoding="UTF-8"?>
<!-- Generated by org.testng.reporters.JUnitReportReporter -->
<testsuite hostname="Ananyas-MBP" failures="0" tests="4" name="TestScenarios.Guest_User_Checkout" time="33.193" errors="0" timestamp="2024-01-21T08:58:11 EST" skipped="0">
  <testcase classname="TestScenarios.Guest_User_Checkout" name="product" time="9.397"/>
  <testcase classname="TestScenarios.Guest_User_Checkout" name="addToCart" time="3.104"/>
  <testcase classname="TestScenarios.Guest_User_Checkout" name="cart1" time="3.275"/>
  <testcase classname="TestScenarios.Guest_User_Checkout" name="place_ORDER" time="17.417"/>
</testsuite> <!-- TestScenarios.Guest_User_Checkout -->
