<?xml version="1.0" encoding="UTF-8"?>
<!-- Generated by org.testng.reporters.JUnitReportReporter -->
<testsuite hostname="Ananyas-MBP" failures="0" tests="1" name="TestScenarios.LoginTest" time="0.759" errors="0" timestamp="2023-11-29T00:33:08 EST" skipped="0">
  <testcase classname="TestScenarios.LoginTest" name="LoginOperationO" time="0.759"/>
</testsuite> <!-- TestScenarios.LoginTest -->
