<?xml version="1.0" encoding="UTF-8"?>
<!-- Generated by org.testng.reporters.JUnitReportReporter -->
<testsuite hostname="Ananyas-MBP" failures="0" tests="5" name="TestScenarios.Registered_Checkout" time="38.140" errors="0" timestamp="2024-01-21T08:58:11 EST" skipped="0">
  <testcase classname="TestScenarios.Registered_Checkout" name="LoginOperationO" time="5.072"/>
  <testcase classname="TestScenarios.Registered_Checkout" name="product" time="9.324"/>
  <testcase classname="TestScenarios.Registered_Checkout" name="addToCart" time="3.087"/>
  <testcase classname="TestScenarios.Registered_Checkout" name="cart1" time="3.402"/>
  <testcase classname="TestScenarios.Registered_Checkout" name="place_ORDER" time="17.255"/>
</testsuite> <!-- TestScenarios.Registered_Checkout -->
