<?xml version="1.0" encoding="UTF-8"?>
<!-- Generated by org.testng.reporters.JUnitReportReporter -->
<testsuite hostname="Ananyas-MBP" failures="0" tests="1" name="E2E_Automation.E2E_Automation.AppTest" time="0.020" errors="0" timestamp="2023-12-08T15:44:27 EST" skipped="0">
  <testcase classname="E2E_Automation.E2E_Automation.AppTest" name="shouldAnswerWithTrue" time="0.020"/>
</testsuite> <!-- E2E_Automation.E2E_Automation.AppTest -->
