<?xml version="1.0" encoding="UTF-8"?>
<!-- Generated by org.testng.reporters.JUnitReportReporter -->
<testsuite hostname="Ananyas-MBP" failures="0" tests="5" name="TestScenarios.Registered_Checkout" time="38.287" errors="0" timestamp="2023-12-08T15:46:33 EST" skipped="0">
  <testcase classname="TestScenarios.Registered_Checkout" name="LoginOperationO" time="5.234"/>
  <testcase classname="TestScenarios.Registered_Checkout" name="product" time="9.293"/>
  <testcase classname="TestScenarios.Registered_Checkout" name="addToCart" time="3.130"/>
  <testcase classname="TestScenarios.Registered_Checkout" name="cart1" time="3.338"/>
  <testcase classname="TestScenarios.Registered_Checkout" name="place_ORDER" time="17.292"/>
</testsuite> <!-- TestScenarios.Registered_Checkout -->
