<?xml version="1.0" encoding="UTF-8"?>
<!-- Generated by org.testng.reporters.JUnitReportReporter -->
<testsuite hostname="Ananyas-MBP" failures="0" tests="4" name="TestScenarios.Guest_User_Checkout" time="33.672" errors="0" timestamp="2023-12-08T15:46:33 EST" skipped="0">
  <testcase classname="TestScenarios.Guest_User_Checkout" name="product" time="9.540"/>
  <testcase classname="TestScenarios.Guest_User_Checkout" name="addToCart" time="3.113"/>
  <testcase classname="TestScenarios.Guest_User_Checkout" name="cart1" time="3.418"/>
  <testcase classname="TestScenarios.Guest_User_Checkout" name="place_ORDER" time="17.601"/>
</testsuite> <!-- TestScenarios.Guest_User_Checkout -->
